<?xml version="1.0" encoding="UTF-8"?>
<testsuite xmlns:xsi="http://www.w3.org/2001/XMLSchema-instance" xsi:noNamespaceSchemaLocation="https://maven.apache.org/surefire/maven-surefire-plugin/xsd/surefire-test-report.xsd" name="TestSuite" time="2.563" tests="3" errors="0" skipped="1" failures="2">
  <properties>
[...]
</properties>
  <testcase name="setUpClass" classname="com.qa.runner.TestRunner" time="1.668">
    <failure message="Couldn&apos;t load plugin class: com.aventstack.extentreports.cucumber.adapter.ExtentCucumberAdapter" type="cucumber.runtime.CucumberException">cucumber.runtime.CucumberException: Couldn't load plugin class: com.aventstack.extentreports.cucumber.adapter.ExtentCucumberAdapter
	at com.qa.runner.TestRunner.setUpClass(TestRunner.java:43)
Caused by: java.lang.ClassNotFoundException: com.aventstack.extentreports.cucumber.adapter.ExtentCucumberAdapter
	at com.qa.runner.TestRunner.setUpClass(TestRunner.java:43)
</failure>
  </testcase>
  <testcase name="feature" classname="com.qa.runner.TestRunner" time="0">
    <skipped message="java.lang.NullPointerException: Cannot invoke &quot;cucumber.api.testng.TestNGCucumberRunner.provideFeatures()&quot; because &quot;this.testNGCucumberRunner&quot; is null"/>
    <system-err><![CDATA[[Utils] [ERROR] [Error] java.lang.NullPointerException: Cannot invoke &quot;cucumber.api.testng.TestNGCucumberRunner.provideFeatures()&quot; because &quot;this.testNGCucumberRunner&quot; is null
	at com.qa.runner.TestRunner.features(TestRunner.java:55)
	at java.base/jdk.internal.reflect.NativeMethodAccessorImpl.invoke0(Native Method)
	at java.base/jdk.internal.reflect.NativeMethodAccessorImpl.invoke(NativeMethodAccessorImpl.java:64)
	at java.base/jdk.internal.reflect.DelegatingMethodAccessorImpl.invoke(DelegatingMethodAccessorImpl.java:43)
	at java.base/java.lang.reflect.Method.invoke(Method.java:564)
	at org.testng.internal.MethodInvocationHelper.invokeMethod(MethodInvocationHelper.java:124)
	at org.testng.internal.MethodInvocationHelper.invokeMethod(MethodInvocationHelper.java:74)
	at org.testng.internal.MethodInvocationHelper.invokeMethodNoCheckedException(MethodInvocationHelper.java:45)
	at org.testng.internal.MethodInvocationHelper.invokeDataProvider(MethodInvocationHelper.java:131)
	at org.testng.internal.Parameters.handleParameters(Parameters.java:706)
	at org.testng.internal.ParameterHandler.handleParameters(ParameterHandler.java:49)
	at org.testng.internal.ParameterHandler.createParameters(ParameterHandler.java:37)
	at org.testng.internal.Invoker.invokeTestMethods(Invoker.java:924)
	at org.testng.internal.TestMethodWorker.invokeTestMethods(TestMethodWorker.java:125)
	at org.testng.internal.TestMethodWorker.run(TestMethodWorker.java:109)
	at org.testng.TestRunner.privateRun(TestRunner.java:648)
	at org.testng.TestRunner.run(TestRunner.java:505)
	at org.testng.SuiteRunner.runTest(SuiteRunner.java:455)
	at org.testng.SuiteRunner.access$000(SuiteRunner.java:40)
	at org.testng.SuiteRunner$SuiteWorker.run(SuiteRunner.java:489)
	at org.testng.internal.thread.ThreadUtil$1.call(ThreadUtil.java:52)
	at java.base/java.util.concurrent.FutureTask.run(FutureTask.java:264)
	at java.base/java.util.concurrent.ThreadPoolExecutor.runWorker(ThreadPoolExecutor.java:1130)
	at java.base/java.util.concurrent.ThreadPoolExecutor$Worker.run(ThreadPoolExecutor.java:630)
	at java.base/java.lang.Thread.run(Thread.java:832)

]]></system-err>
  </testcase>
  <testcase name="tearDownClass" classname="com.qa.runner.TestRunner" time="2.084">
    <failure message="Cannot invoke &quot;cucumber.api.testng.TestNGCucumberRunner.finish()&quot; because &quot;this.testNGCucumberRunner&quot; is null" type="java.lang.NullPointerException">java.lang.NullPointerException: Cannot invoke "cucumber.api.testng.TestNGCucumberRunner.finish()" because "this.testNGCucumberRunner" is null
	at com.qa.runner.TestRunner.tearDownClass(TestRunner.java:64)
</failure>
  </testcase>
</testsuite>